mean: 0.0717722805828 sd: 0.190131849894 sd + mean: 0.0717722805828 kdist: 0.0734013945379
k: 2 sd: 0 kdist: 0.0734013945379 no. of cluster: 7
cluster: 0 no. of pt. in cluster: 157 impurity (classification error): 0.554140127389 majority: 1
cluster: 1 no. of pt. in cluster: 2 impurity (classification error): 0.5 majority: 2|6
cluster: 2 no. of pt. in cluster: 2 impurity (classification error): 0.0 majority: 2
cluster: 3 no. of pt. in cluster: 3 impurity (classification error): 0.0 majority: 2
cluster: 4 no. of pt. in cluster: 8 impurity (classification error): 0.375 majority: 5
cluster: 5 no. of pt. in cluster: 2 impurity (classification error): 0.0 majority: 5
cluster: 6 no. of pt. in cluster: 21 impurity (classification error): 0.0 majority: 7
mean impurity: 0.204162875341 sum of pt.: 195

mean: 0.0717722805828 sd: 0.190131849894 sd + mean: 0.261904130477 kdist: 0.264488423006
k: 2 sd: 1 kdist: 0.264488423006 no. of cluster: 2
cluster: 0 no. of pt. in cluster: 206 impurity (classification error): 0.640776699029 majority: 2
cluster: 1 no. of pt. in cluster: 2 impurity (classification error): 0.0 majority: 5
mean impurity: 0.320388349515 sum of pt.: 208

mean: 0.0717722805828 sd: 0.190131849894 sd + mean: 0.452035980371 kdist: 0.511253700281
k: 2 sd: 2 kdist: 0.511253700281 no. of cluster: 2
cluster: 0 no. of pt. in cluster: 210 impurity (classification error): 0.642857142857 majority: 2
cluster: 1 no. of pt. in cluster: 2 impurity (classification error): 0.0 majority: 5
mean impurity: 0.321428571429 sum of pt.: 212

mean: 0.0717722805828 sd: 0.190131849894 sd + mean: 0.642167830265 kdist: 0.862561715161
k: 2 sd: 3 kdist: 0.862561715161 no. of cluster: 2
cluster: 0 no. of pt. in cluster: 211 impurity (classification error): 0.644549763033 majority: 2
cluster: 1 no. of pt. in cluster: 2 impurity (classification error): 0.0 majority: 5
mean impurity: 0.322274881517 sum of pt.: 213

mean: 0.0717722805828 sd: 0.190131849894 sd + mean: 0.83229968016 kdist: 0.862561715161
k: 2 sd: 4 kdist: 0.862561715161 no. of cluster: 2
cluster: 0 no. of pt. in cluster: 211 impurity (classification error): 0.644549763033 majority: 2
cluster: 1 no. of pt. in cluster: 2 impurity (classification error): 0.0 majority: 5
mean impurity: 0.322274881517 sum of pt.: 213

mean: 0.0795514110147 sd: 0.200828739745 sd + mean: 0.0795514110147 kdist: 0.0804824453523
k: 3 sd: 0 kdist: 0.0804824453523 no. of cluster: 5
cluster: 0 no. of pt. in cluster: 158 impurity (classification error): 0.556962025316 majority: 1
cluster: 1 no. of pt. in cluster: 3 impurity (classification error): 0.0 majority: 2
cluster: 2 no. of pt. in cluster: 8 impurity (classification error): 0.375 majority: 5
cluster: 3 no. of pt. in cluster: 3 impurity (classification error): 0.333333333333 majority: 2
cluster: 4 no. of pt. in cluster: 21 impurity (classification error): 0.0 majority: 7
mean impurity: 0.25305907173 sum of pt.: 193

mean: 0.0795514110147 sd: 0.200828739745 sd + mean: 0.28038015076 kdist: 0.290621051153
k: 3 sd: 1 kdist: 0.290621051153 no. of cluster: 1
cluster: 0 no. of pt. in cluster: 206 impurity (classification error): 0.640776699029 majority: 2
mean impurity: 0.640776699029 sum of pt.: 206

mean: 0.0795514110147 sd: 0.200828739745 sd + mean: 0.481208890505 kdist: 0.489347044296
k: 3 sd: 2 kdist: 0.489347044296 no. of cluster: 1
cluster: 0 no. of pt. in cluster: 210 impurity (classification error): 0.642857142857 majority: 2
mean impurity: 0.642857142857 sum of pt.: 210

mean: 0.0795514110147 sd: 0.200828739745 sd + mean: 0.68203763025 kdist: 0.898749700731
k: 3 sd: 3 kdist: 0.898749700731 no. of cluster: 1
cluster: 0 no. of pt. in cluster: 211 impurity (classification error): 0.644549763033 majority: 2
mean impurity: 0.644549763033 sum of pt.: 211

mean: 0.0795514110147 sd: 0.200828739745 sd + mean: 0.882866369995 kdist: 0.898749700731
k: 3 sd: 4 kdist: 0.898749700731 no. of cluster: 1
cluster: 0 no. of pt. in cluster: 211 impurity (classification error): 0.644549763033 majority: 2
mean impurity: 0.644549763033 sum of pt.: 211

mean: 0.0853631979633 sd: 0.20663837139 sd + mean: 0.0853631979633 kdist: 0.0923164015979
k: 4 sd: 0 kdist: 0.0923164015979 no. of cluster: 3
cluster: 0 no. of pt. in cluster: 161 impurity (classification error): 0.565217391304 majority: 1
cluster: 1 no. of pt. in cluster: 9 impurity (classification error): 0.444444444444 majority: 5
cluster: 2 no. of pt. in cluster: 21 impurity (classification error): 0.0 majority: 7
mean impurity: 0.33655394525 sum of pt.: 191

mean: 0.0853631979633 sd: 0.20663837139 sd + mean: 0.292001569353 kdist: 0.311938536127
k: 4 sd: 1 kdist: 0.311938536127 no. of cluster: 1
cluster: 0 no. of pt. in cluster: 207 impurity (classification error): 0.642512077295 majority: 2
mean impurity: 0.642512077295 sum of pt.: 207

mean: 0.0853631979633 sd: 0.20663837139 sd + mean: 0.498639940743 kdist: 0.500848031632
k: 4 sd: 2 kdist: 0.500848031632 no. of cluster: 1
cluster: 0 no. of pt. in cluster: 210 impurity (classification error): 0.642857142857 majority: 2
mean impurity: 0.642857142857 sum of pt.: 210

mean: 0.0853631979633 sd: 0.20663837139 sd + mean: 0.705278312132 kdist: 0.744123252804
k: 4 sd: 3 kdist: 0.744123252804 no. of cluster: 1
cluster: 0 no. of pt. in cluster: 211 impurity (classification error): 0.644549763033 majority: 2
mean impurity: 0.644549763033 sum of pt.: 211

mean: 0.0853631979633 sd: 0.20663837139 sd + mean: 0.911916683522 kdist: 0.924152271664
k: 4 sd: 4 kdist: 0.924152271664 no. of cluster: 1
cluster: 0 no. of pt. in cluster: 211 impurity (classification error): 0.644549763033 majority: 2
mean impurity: 0.644549763033 sum of pt.: 211

